<?xml version="1.0" encoding="UTF-8"?>
<!-- Generated by org.testng.reporters.JUnitReportReporter -->
<testsuite hostname="Smita-Sobhan" failures="0" tests="1" name="testcases.LoginTest" time="4.097" errors="0" timestamp="2024-11-21T00:33:09 IST" skipped="0">
  <testcase classname="testcases.LoginTest" name="validLoginTest" time="4.097"/>
  <system-out/>
</testsuite> <!-- testcases.LoginTest -->
